Obtaining file:///Users/macbookpro201916i964gb1tb/Documents/GitHub/somabrain
  Installing build dependencies: started
  Installing build dependencies: finished with status 'done'
  Checking if build backend supports build_editable: started
  Checking if build backend supports build_editable: finished with status 'done'
  Getting requirements to build editable: started
  Getting requirements to build editable: finished with status 'done'
  Preparing editable metadata (pyproject.toml): started
  Preparing editable metadata (pyproject.toml): finished with status 'done'
Collecting fastapi>=0.103 (from somabrain==0.2.0)
  Using cached fastapi-0.116.2-py3-none-any.whl.metadata (28 kB)
Collecting uvicorn>=0.22 (from somabrain==0.2.0)
  Using cached uvicorn-0.35.0-py3-none-any.whl.metadata (6.5 kB)
Collecting numpy>=1.24 (from somabrain==0.2.0)
  Using cached numpy-2.2.6-cp310-cp310-macosx_14_0_x86_64.whl.metadata (62 kB)
Collecting prometheus-client>=0.17 (from somabrain==0.2.0)
  Using cached prometheus_client-0.22.1-py3-none-any.whl.metadata (1.9 kB)
Collecting httpx>=0.24 (from somabrain==0.2.0)
  Using cached httpx-0.28.1-py3-none-any.whl.metadata (7.1 kB)
Collecting cachetools>=5.3 (from somabrain==0.2.0)
  Using cached cachetools-6.2.0-py3-none-any.whl.metadata (5.4 kB)
Collecting pytest>=7 (from somabrain==0.2.0)
  Using cached pytest-8.4.2-py3-none-any.whl.metadata (7.7 kB)
Collecting pytest-forked (from somabrain==0.2.0)
  Downloading pytest_forked-1.6.0-py3-none-any.whl.metadata (3.5 kB)
Collecting pytest-asyncio (from somabrain==0.2.0)
  Using cached pytest_asyncio-1.2.0-py3-none-any.whl.metadata (4.1 kB)
Collecting ruff>=0.5 (from somabrain==0.2.0)
  Using cached ruff-0.13.0-py3-none-macosx_10_12_x86_64.whl.metadata (25 kB)
Collecting mypy>=1.5 (from somabrain==0.2.0)
  Using cached mypy-1.18.1-cp310-cp310-macosx_10_9_x86_64.whl.metadata (2.2 kB)
Collecting matplotlib>=3.8 (from somabrain==0.2.0)
  Using cached matplotlib-3.10.6-cp310-cp310-macosx_10_12_x86_64.whl.metadata (11 kB)
Collecting starlette<0.49.0,>=0.40.0 (from fastapi>=0.103->somabrain==0.2.0)
  Using cached starlette-0.48.0-py3-none-any.whl.metadata (6.3 kB)
Collecting pydantic!=1.8,!=1.8.1,!=2.0.0,!=2.0.1,!=2.1.0,<3.0.0,>=1.7.4 (from fastapi>=0.103->somabrain==0.2.0)
  Using cached pydantic-2.11.9-py3-none-any.whl.metadata (68 kB)
Collecting typing-extensions>=4.8.0 (from fastapi>=0.103->somabrain==0.2.0)
  Using cached typing_extensions-4.15.0-py3-none-any.whl.metadata (3.3 kB)
Collecting annotated-types>=0.6.0 (from pydantic!=1.8,!=1.8.1,!=2.0.0,!=2.0.1,!=2.1.0,<3.0.0,>=1.7.4->fastapi>=0.103->somabrain==0.2.0)
  Using cached annotated_types-0.7.0-py3-none-any.whl.metadata (15 kB)
Collecting pydantic-core==2.33.2 (from pydantic!=1.8,!=1.8.1,!=2.0.0,!=2.0.1,!=2.1.0,<3.0.0,>=1.7.4->fastapi>=0.103->somabrain==0.2.0)
  Using cached pydantic_core-2.33.2-cp310-cp310-macosx_10_12_x86_64.whl.metadata (6.8 kB)
Collecting typing-inspection>=0.4.0 (from pydantic!=1.8,!=1.8.1,!=2.0.0,!=2.0.1,!=2.1.0,<3.0.0,>=1.7.4->fastapi>=0.103->somabrain==0.2.0)
  Using cached typing_inspection-0.4.1-py3-none-any.whl.metadata (2.6 kB)
Collecting anyio<5,>=3.6.2 (from starlette<0.49.0,>=0.40.0->fastapi>=0.103->somabrain==0.2.0)
  Using cached anyio-4.10.0-py3-none-any.whl.metadata (4.0 kB)
Collecting exceptiongroup>=1.0.2 (from anyio<5,>=3.6.2->starlette<0.49.0,>=0.40.0->fastapi>=0.103->somabrain==0.2.0)
  Using cached exceptiongroup-1.3.0-py3-none-any.whl.metadata (6.7 kB)
Collecting idna>=2.8 (from anyio<5,>=3.6.2->starlette<0.49.0,>=0.40.0->fastapi>=0.103->somabrain==0.2.0)
  Using cached idna-3.10-py3-none-any.whl.metadata (10 kB)
Collecting sniffio>=1.1 (from anyio<5,>=3.6.2->starlette<0.49.0,>=0.40.0->fastapi>=0.103->somabrain==0.2.0)
  Using cached sniffio-1.3.1-py3-none-any.whl.metadata (3.9 kB)
Collecting certifi (from httpx>=0.24->somabrain==0.2.0)
  Using cached certifi-2025.8.3-py3-none-any.whl.metadata (2.4 kB)
Collecting httpcore==1.* (from httpx>=0.24->somabrain==0.2.0)
  Using cached httpcore-1.0.9-py3-none-any.whl.metadata (21 kB)
Collecting h11>=0.16 (from httpcore==1.*->httpx>=0.24->somabrain==0.2.0)
  Using cached h11-0.16.0-py3-none-any.whl.metadata (8.3 kB)
Collecting contourpy>=1.0.1 (from matplotlib>=3.8->somabrain==0.2.0)
  Using cached contourpy-1.3.2-cp310-cp310-macosx_10_9_x86_64.whl.metadata (5.5 kB)
Collecting cycler>=0.10 (from matplotlib>=3.8->somabrain==0.2.0)
  Using cached cycler-0.12.1-py3-none-any.whl.metadata (3.8 kB)
Collecting fonttools>=4.22.0 (from matplotlib>=3.8->somabrain==0.2.0)
  Using cached fonttools-4.59.2-cp310-cp310-macosx_10_9_x86_64.whl.metadata (109 kB)
Collecting kiwisolver>=1.3.1 (from matplotlib>=3.8->somabrain==0.2.0)
  Using cached kiwisolver-1.4.9-cp310-cp310-macosx_10_9_x86_64.whl.metadata (6.3 kB)
Collecting packaging>=20.0 (from matplotlib>=3.8->somabrain==0.2.0)
  Using cached packaging-25.0-py3-none-any.whl.metadata (3.3 kB)
Collecting pillow>=8 (from matplotlib>=3.8->somabrain==0.2.0)
  Using cached pillow-11.3.0-cp310-cp310-macosx_10_10_x86_64.whl.metadata (9.0 kB)
Collecting pyparsing>=2.3.1 (from matplotlib>=3.8->somabrain==0.2.0)
  Using cached pyparsing-3.2.4-py3-none-any.whl.metadata (5.0 kB)
Collecting python-dateutil>=2.7 (from matplotlib>=3.8->somabrain==0.2.0)
  Using cached python_dateutil-2.9.0.post0-py2.py3-none-any.whl.metadata (8.4 kB)
Collecting mypy_extensions>=1.0.0 (from mypy>=1.5->somabrain==0.2.0)
  Using cached mypy_extensions-1.1.0-py3-none-any.whl.metadata (1.1 kB)
Collecting pathspec>=0.9.0 (from mypy>=1.5->somabrain==0.2.0)
  Using cached pathspec-0.12.1-py3-none-any.whl.metadata (21 kB)
Collecting tomli>=1.1.0 (from mypy>=1.5->somabrain==0.2.0)
  Using cached tomli-2.2.1-py3-none-any.whl.metadata (10 kB)
Collecting iniconfig>=1 (from pytest>=7->somabrain==0.2.0)
  Using cached iniconfig-2.1.0-py3-none-any.whl.metadata (2.7 kB)
Collecting pluggy<2,>=1.5 (from pytest>=7->somabrain==0.2.0)
  Using cached pluggy-1.6.0-py3-none-any.whl.metadata (4.8 kB)
Collecting pygments>=2.7.2 (from pytest>=7->somabrain==0.2.0)
  Using cached pygments-2.19.2-py3-none-any.whl.metadata (2.5 kB)
Collecting six>=1.5 (from python-dateutil>=2.7->matplotlib>=3.8->somabrain==0.2.0)
  Using cached six-1.17.0-py2.py3-none-any.whl.metadata (1.7 kB)
Collecting click>=7.0 (from uvicorn>=0.22->somabrain==0.2.0)
  Using cached click-8.2.1-py3-none-any.whl.metadata (2.5 kB)
Collecting backports-asyncio-runner<2,>=1.1 (from pytest-asyncio->somabrain==0.2.0)
  Using cached backports_asyncio_runner-1.2.0-py3-none-any.whl.metadata (7.5 kB)
Collecting py (from pytest-forked->somabrain==0.2.0)
  Using cached py-1.11.0-py2.py3-none-any.whl.metadata (2.8 kB)
Using cached cachetools-6.2.0-py3-none-any.whl (11 kB)
Using cached fastapi-0.116.2-py3-none-any.whl (95 kB)
Using cached pydantic-2.11.9-py3-none-any.whl (444 kB)
Using cached pydantic_core-2.33.2-cp310-cp310-macosx_10_12_x86_64.whl (2.0 MB)
Using cached starlette-0.48.0-py3-none-any.whl (73 kB)
Using cached anyio-4.10.0-py3-none-any.whl (107 kB)
Using cached annotated_types-0.7.0-py3-none-any.whl (13 kB)
Using cached exceptiongroup-1.3.0-py3-none-any.whl (16 kB)
Using cached httpx-0.28.1-py3-none-any.whl (73 kB)
Using cached httpcore-1.0.9-py3-none-any.whl (78 kB)
Using cached h11-0.16.0-py3-none-any.whl (37 kB)
Using cached idna-3.10-py3-none-any.whl (70 kB)
Using cached matplotlib-3.10.6-cp310-cp310-macosx_10_12_x86_64.whl (8.2 MB)
Using cached contourpy-1.3.2-cp310-cp310-macosx_10_9_x86_64.whl (268 kB)
Using cached cycler-0.12.1-py3-none-any.whl (8.3 kB)
Using cached fonttools-4.59.2-cp310-cp310-macosx_10_9_x86_64.whl (2.3 MB)
Using cached kiwisolver-1.4.9-cp310-cp310-macosx_10_9_x86_64.whl (66 kB)
Using cached mypy-1.18.1-cp310-cp310-macosx_10_9_x86_64.whl (12.8 MB)
Using cached mypy_extensions-1.1.0-py3-none-any.whl (5.0 kB)
Using cached numpy-2.2.6-cp310-cp310-macosx_14_0_x86_64.whl (6.9 MB)
Using cached packaging-25.0-py3-none-any.whl (66 kB)
Using cached pathspec-0.12.1-py3-none-any.whl (31 kB)
Using cached pillow-11.3.0-cp310-cp310-macosx_10_10_x86_64.whl (5.3 MB)
Using cached prometheus_client-0.22.1-py3-none-any.whl (58 kB)
Using cached pyparsing-3.2.4-py3-none-any.whl (113 kB)
Using cached pytest-8.4.2-py3-none-any.whl (365 kB)
Using cached pluggy-1.6.0-py3-none-any.whl (20 kB)
Using cached iniconfig-2.1.0-py3-none-any.whl (6.0 kB)
Using cached pygments-2.19.2-py3-none-any.whl (1.2 MB)
Using cached python_dateutil-2.9.0.post0-py2.py3-none-any.whl (229 kB)
Using cached ruff-0.13.0-py3-none-macosx_10_12_x86_64.whl (12.9 MB)
Using cached six-1.17.0-py2.py3-none-any.whl (11 kB)
Using cached sniffio-1.3.1-py3-none-any.whl (10 kB)
Using cached tomli-2.2.1-py3-none-any.whl (14 kB)
Using cached typing_extensions-4.15.0-py3-none-any.whl (44 kB)
Using cached typing_inspection-0.4.1-py3-none-any.whl (14 kB)
Using cached uvicorn-0.35.0-py3-none-any.whl (66 kB)
Using cached click-8.2.1-py3-none-any.whl (102 kB)
Using cached certifi-2025.8.3-py3-none-any.whl (161 kB)
Using cached pytest_asyncio-1.2.0-py3-none-any.whl (15 kB)
Using cached backports_asyncio_runner-1.2.0-py3-none-any.whl (12 kB)
Downloading pytest_forked-1.6.0-py3-none-any.whl (4.9 kB)
Using cached py-1.11.0-py2.py3-none-any.whl (98 kB)
Building wheels for collected packages: somabrain
  Building editable for somabrain (pyproject.toml): started
  Building editable for somabrain (pyproject.toml): finished with status 'done'
  Created wheel for somabrain: filename=somabrain-0.2.0-0.editable-py3-none-any.whl size=7564 sha256=adeaa669438ffa90847387452da41f8ba8112e684955e929f434992e69e96883
  Stored in directory: /private/var/folders/2g/czqzc1952z151ff18sykd7vc0000gn/T/pip-ephem-wheel-cache-w9vyvlxg/wheels/82/67/7d/cd5611286182ecd44a30680b79116fe28b65a24ebe3d04830e
Successfully built somabrain
Installing collected packages: typing-extensions, tomli, sniffio, six, ruff, pyparsing, pygments, py, prometheus-client, pluggy, pillow, pathspec, packaging, numpy, mypy_extensions, kiwisolver, iniconfig, idna, h11, fonttools, cycler, click, certifi, cachetools, backports-asyncio-runner, annotated-types, uvicorn, typing-inspection, python-dateutil, pydantic-core, mypy, httpcore, exceptiongroup, contourpy, pytest, pydantic, matplotlib, anyio, starlette, pytest-forked, pytest-asyncio, httpx, fastapi, somabrain
  Attempting uninstall: somabrain
    Found existing installation: somabrain 0.2.0
    Not uninstalling somabrain at /Users/macbookpro201916i964gb1tb/Documents/GitHub/somabrain, outside environment /Users/macbookpro201916i964gb1tb/Documents/GitHub/somabrain/.venv-ci
    Can't uninstall 'somabrain'. No files were found to uninstall.

Successfully installed annotated-types-0.7.0 anyio-4.10.0 backports-asyncio-runner-1.2.0 cachetools-6.2.0 certifi-2025.8.3 click-8.2.1 contourpy-1.3.2 cycler-0.12.1 exceptiongroup-1.3.0 fastapi-0.116.2 fonttools-4.59.2 h11-0.16.0 httpcore-1.0.9 httpx-0.28.1 idna-3.10 iniconfig-2.1.0 kiwisolver-1.4.9 matplotlib-3.10.6 mypy-1.18.1 mypy_extensions-1.1.0 numpy-2.2.6 packaging-25.0 pathspec-0.12.1 pillow-11.3.0 pluggy-1.6.0 prometheus-client-0.22.1 py-1.11.0 pydantic-2.11.9 pydantic-core-2.33.2 pygments-2.19.2 pyparsing-3.2.4 pytest-8.4.2 pytest-asyncio-1.2.0 pytest-forked-1.6.0 python-dateutil-2.9.0.post0 ruff-0.13.0 six-1.17.0 sniffio-1.3.1 somabrain-0.2.0 starlette-0.48.0 tomli-2.2.1 typing-extensions-4.15.0 typing-inspection-0.4.1 uvicorn-0.35.0
