2025-09-17 00:07:43,626 - somabrain - INFO - 🧠 SomaBrain cognitive logging initialized
INFO:     Started server process [34301]
INFO:     Waiting for application startup.
INFO:     Application startup complete.
INFO:     Uvicorn running on http://127.0.0.1:9797 (Press CTRL+C to quit)
2025-09-17 00:10:22,596 - COGNITIVE - INFO - 🧠 Request 1758085822.596691_4456650261715312582: GET /health - Cognitive processing initiated
2025-09-17 00:10:22,596 - somabrain.cognitive - INFO - 🧠 Request 1758085822.596691_4456650261715312582: GET /health - Cognitive processing initiated
INFO:     127.0.0.1:57409 - "GET /health HTTP/1.1" 200 OK
2025-09-17 00:10:22,599 - COGNITIVE - INFO - 🧠 Request 1758085822.596691_4456650261715312582: GET /health - Processing completed in 0.0023s
2025-09-17 00:10:22,599 - somabrain.cognitive - INFO - 🧠 Request 1758085822.596691_4456650261715312582: GET /health - Processing completed in 0.0023s
2025-09-17 00:10:22,599 - COGNITIVE - DEBUG - ✅ Request 1758085822.596691_4456650261715312582 completed successfully
2025-09-17 00:10:22,599 - somabrain.cognitive - DEBUG - ✅ Request 1758085822.596691_4456650261715312582 completed successfully
2025-09-17 00:10:23,346 - COGNITIVE - INFO - 🧠 Request 1758085823.3461702_-7980334832148838097: GET /openapi.json - Cognitive processing initiated
2025-09-17 00:10:23,346 - somabrain.cognitive - INFO - 🧠 Request 1758085823.3461702_-7980334832148838097: GET /openapi.json - Cognitive processing initiated
INFO:     127.0.0.1:57413 - "GET /openapi.json HTTP/1.1" 200 OK
2025-09-17 00:10:23,387 - COGNITIVE - INFO - 🧠 Request 1758085823.3461702_-7980334832148838097: GET /openapi.json - Processing completed in 0.0413s
2025-09-17 00:10:23,387 - somabrain.cognitive - INFO - 🧠 Request 1758085823.3461702_-7980334832148838097: GET /openapi.json - Processing completed in 0.0413s
2025-09-17 00:10:23,387 - COGNITIVE - DEBUG - ✅ Request 1758085823.3461702_-7980334832148838097 completed successfully
2025-09-17 00:10:23,387 - somabrain.cognitive - DEBUG - ✅ Request 1758085823.3461702_-7980334832148838097 completed successfully
2025-09-17 00:10:38,855 - COGNITIVE - INFO - 🧠 Request 1758085838.855134_6353471241718688830: GET /health - Cognitive processing initiated
2025-09-17 00:10:38,855 - somabrain.cognitive - INFO - 🧠 Request 1758085838.855134_6353471241718688830: GET /health - Cognitive processing initiated
INFO:     127.0.0.1:57419 - "GET /health HTTP/1.1" 200 OK
2025-09-17 00:10:38,856 - COGNITIVE - INFO - 🧠 Request 1758085838.855134_6353471241718688830: GET /health - Processing completed in 0.0010s
2025-09-17 00:10:38,856 - somabrain.cognitive - INFO - 🧠 Request 1758085838.855134_6353471241718688830: GET /health - Processing completed in 0.0010s
2025-09-17 00:10:38,856 - COGNITIVE - DEBUG - ✅ Request 1758085838.855134_6353471241718688830 completed successfully
2025-09-17 00:10:38,856 - somabrain.cognitive - DEBUG - ✅ Request 1758085838.855134_6353471241718688830 completed successfully
2025-09-17 00:10:39,558 - COGNITIVE - INFO - 🧠 Request 1758085839.558313_5921980604465964194: GET /openapi.json - Cognitive processing initiated
2025-09-17 00:10:39,558 - somabrain.cognitive - INFO - 🧠 Request 1758085839.558313_5921980604465964194: GET /openapi.json - Cognitive processing initiated
INFO:     127.0.0.1:57423 - "GET /openapi.json HTTP/1.1" 200 OK
2025-09-17 00:10:39,560 - COGNITIVE - INFO - 🧠 Request 1758085839.558313_5921980604465964194: GET /openapi.json - Processing completed in 0.0019s
2025-09-17 00:10:39,560 - somabrain.cognitive - INFO - 🧠 Request 1758085839.558313_5921980604465964194: GET /openapi.json - Processing completed in 0.0019s
2025-09-17 00:10:39,560 - COGNITIVE - DEBUG - ✅ Request 1758085839.558313_5921980604465964194 completed successfully
2025-09-17 00:10:39,560 - somabrain.cognitive - DEBUG - ✅ Request 1758085839.558313_5921980604465964194 completed successfully
